<?xml version="1.0" encoding="UTF-8"?>
<testng-results skipped="0" failed="0" total="3" passed="3">
  <reporter-output>
  </reporter-output>
  <suite name="Default suite" duration-ms="34281" started-at="2020-05-20T15:18:42Z" finished-at="2020-05-20T15:19:17Z">
    <groups>
    </groups>
    <test name="Default test" duration-ms="34281" started-at="2020-05-20T15:18:42Z" finished-at="2020-05-20T15:19:17Z">
      <class name="tests.Tests">
        <test-method status="PASS" signature="reportsetup()[pri:0, instance:tests.Tests@6442b0a6]" name="reportsetup" is-config="true" duration-ms="302" started-at="2020-05-20T20:48:42Z" finished-at="2020-05-20T20:48:42Z">
          <reporter-output>
          </reporter-output>
        </test-method> <!-- reportsetup -->
        <test-method status="PASS" signature="setup()[pri:0, instance:tests.Tests@6442b0a6]" name="setup" is-config="true" duration-ms="21466" started-at="2020-05-20T20:48:42Z" finished-at="2020-05-20T20:49:04Z">
          <reporter-output>
          </reporter-output>
        </test-method> <!-- setup -->
        <test-method status="PASS" signature="sampleTest()[pri:0, instance:tests.Tests@6442b0a6]" name="sampleTest" duration-ms="16" started-at="2020-05-20T20:49:04Z" finished-at="2020-05-20T20:49:04Z">
          <reporter-output>
          </reporter-output>
        </test-method> <!-- sampleTest -->
        <test-method status="PASS" signature="loginTest()[pri:0, instance:tests.Tests@6442b0a6]" name="loginTest" duration-ms="7949" started-at="2020-05-20T20:49:04Z" finished-at="2020-05-20T20:49:12Z">
          <reporter-output>
          </reporter-output>
        </test-method> <!-- loginTest -->
        <test-method status="PASS" signature="testOne()[pri:0, instance:tests.Tests@6442b0a6]" name="testOne" duration-ms="4827" started-at="2020-05-20T20:49:12Z" finished-at="2020-05-20T20:49:17Z">
          <reporter-output>
          </reporter-output>
        </test-method> <!-- testOne -->
        <test-method status="PASS" signature="teardown()[pri:0, instance:tests.Tests@6442b0a6]" name="teardown" is-config="true" duration-ms="849" started-at="2020-05-20T20:49:17Z" finished-at="2020-05-20T20:49:18Z">
          <reporter-output>
          </reporter-output>
        </test-method> <!-- teardown -->
        <test-method status="PASS" signature="reportTeardown()[pri:0, instance:tests.Tests@6442b0a6]" name="reportTeardown" is-config="true" duration-ms="492" started-at="2020-05-20T20:49:18Z" depends-on-methods="tests.Baseclass.teardown" finished-at="2020-05-20T20:49:18Z">
          <reporter-output>
          </reporter-output>
        </test-method> <!-- reportTeardown -->
      </class> <!-- tests.Tests -->
    </test> <!-- Default test -->
  </suite> <!-- Default suite -->
</testng-results>
